# JRE version: OpenJDK Runtime Environment Temurin-21.0.8+9 (21.0.8+9) (build 21.0.8+9-LTS)
# Java VM: OpenJDK 64-Bit Server VM Temurin-21.0.8+9 (21.0.8+9-LTS, mixed mode, sharing, tiered, compressed oops, compressed class ptrs, parallel gc, windows-amd64)
GC Precious Log:
 CardTable entry size: 512
 CPUs: 8 total, 8 available
 Memory: 16118M
 Large Page Support: Disabled
 NUMA Support: Disabled
 Compressed Oops: Enabled (32-bit)
 Alignments: Space 512K, Generation 512K, Heap 2M
 Heap Min Capacity: 100M
 Heap Initial Capacity: 100M
 Heap Max Capacity: 2G
 Pre-touch: Disabled
 Parallel Workers: 8
Heap:
 PSYoungGen      total 20480K, used 10327K [0x00000000d5580000, 0x00000000d7100000, 0x0000000100000000)
  eden space 14848K, 34% used [0x00000000d5580000,0x00000000d5a91518,0x00000000d6400000)
  from space 5632K, 91% used [0x00000000d6980000,0x00000000d6e84a80,0x00000000d6f00000)
  to   space 5632K, 0% used [0x00000000d6400000,0x00000000d6400000,0x00000000d6980000)
 ParOldGen       total 315904K, used 315615K [0x0000000080000000, 0x0000000093480000, 0x00000000d5580000)
  object space 315904K, 99% used [0x0000000080000000,0x0000000093437ff0,0x0000000093480000)
 Metaspace       used 63438K, committed 64896K, reserved 1114112K
  class space    used 7936K, committed 8576K, reserved 1048576K
GC Heap History (20 events):
Event: 26.782 GC heap before
{Heap before GC invocations=204 (full 3):
 PSYoungGen      total 9216K, used 9209K [0x00000000d5580000, 0x00000000d6a00000, 0x0000000100000000)
  eden space 6656K, 100% used [0x00000000d5580000,0x00000000d5c00000,0x00000000d5c00000)
  from space 2560K, 99% used [0x00000000d6180000,0x00000000d63fe4d0,0x00000000d6400000)
  to   space 5632K, 0% used [0x00000000d5c00000,0x00000000d5c00000,0x00000000d6180000)
 ParOldGen       total 288768K, used 288490K [0x0000000080000000, 0x0000000091a00000, 0x00000000d5580000)
  object space 288768K, 99% used [0x0000000080000000,0x00000000919babb8,0x0000000091a00000)
 Metaspace       used 63391K, committed 64832K, reserved 1114112K
  class space    used 7930K, committed 8576K, reserved 1048576K
}
Event: 26.793 GC heap after
{Heap after GC invocations=204 (full 3):
 PSYoungGen      total 8704K, used 1866K [0x00000000d5580000, 0x00000000d6200000, 0x0000000100000000)
  eden space 6656K, 0% used [0x00000000d5580000,0x00000000d5580000,0x00000000d5c00000)
  from space 2048K, 91% used [0x00000000d5c00000,0x00000000d5dd2bb8,0x00000000d5e00000)
  to   space 3072K, 0% used [0x00000000d5f00000,0x00000000d5f00000,0x00000000d6200000)
 ParOldGen       total 291328K, used 291003K [0x0000000080000000, 0x0000000091c80000, 0x00000000d5580000)
  object space 291328K, 99% used [0x0000000080000000,0x0000000091c2ec60,0x0000000091c80000)
 Metaspace       used 63391K, committed 64832K, reserved 1114112K
  class space    used 7930K, committed 8576K, reserved 1048576K
}
Event: 26.816 GC heap before
{Heap before GC invocations=205 (full 3):
 PSYoungGen      total 8704K, used 8522K [0x00000000d5580000, 0x00000000d6200000, 0x0000000100000000)
  eden space 6656K, 100% used [0x00000000d5580000,0x00000000d5c00000,0x00000000d5c00000)
  from space 2048K, 91% used [0x00000000d5c00000,0x00000000d5dd2bb8,0x00000000d5e00000)
  to   space 3072K, 0% used [0x00000000d5f00000,0x00000000d5f00000,0x00000000d6200000)
 ParOldGen       total 291328K, used 291003K [0x0000000080000000, 0x0000000091c80000, 0x00000000d5580000)
  object space 291328K, 99% used [0x0000000080000000,0x0000000091c2ec60,0x0000000091c80000)
 Metaspace       used 63391K, committed 64832K, reserved 1114112K
  class space    used 7930K, committed 8576K, reserved 1048576K
}
Event: 26.820 GC heap after
{Heap after GC invocations=205 (full 3):
 PSYoungGen      total 8192K, used 1472K [0x00000000d5580000, 0x00000000d6080000, 0x0000000100000000)
  eden space 6656K, 0% used [0x00000000d5580000,0x00000000d5580000,0x00000000d5c00000)
  from space 1536K, 95% used [0x00000000d5f00000,0x00000000d6070000,0x00000000d6080000)
  to   space 2048K, 0% used [0x00000000d5c80000,0x00000000d5c80000,0x00000000d5e80000)
 ParOldGen       total 292864K, used 292700K [0x0000000080000000, 0x0000000091e00000, 0x00000000d5580000)
  object space 292864K, 99% used [0x0000000080000000,0x0000000091dd71e0,0x0000000091e00000)
 Metaspace       used 63391K, committed 64832K, reserved 1114112K
  class space    used 7930K, committed 8576K, reserved 1048576K
}
Event: 26.835 GC heap before
{Heap before GC invocations=206 (full 3):
 PSYoungGen      total 8192K, used 8128K [0x00000000d5580000, 0x00000000d6080000, 0x0000000100000000)
  eden space 6656K, 100% used [0x00000000d5580000,0x00000000d5c00000,0x00000000d5c00000)
  from space 1536K, 95% used [0x00000000d5f00000,0x00000000d6070000,0x00000000d6080000)
  to   space 2048K, 0% used [0x00000000d5c80000,0x00000000d5c80000,0x00000000d5e80000)
 ParOldGen       total 292864K, used 292700K [0x0000000080000000, 0x0000000091e00000, 0x00000000d5580000)
  object space 292864K, 99% used [0x0000000080000000,0x0000000091dd71e0,0x0000000091e00000)
 Metaspace       used 63391K, committed 64832K, reserved 1114112K
  class space    used 7930K, committed 8576K, reserved 1048576K
}
Event: 26.841 GC heap after
{Heap after GC invocations=206 (full 3):
 PSYoungGen      total 9216K, used 2040K [0x00000000d5580000, 0x00000000d6580000, 0x0000000100000000)
  eden space 7168K, 0% used [0x00000000d5580000,0x00000000d5580000,0x00000000d5c80000)
  from space 2048K, 99% used [0x00000000d5c80000,0x00000000d5e7e0f8,0x00000000d5e80000)
  to   space 4096K, 0% used [0x00000000d6180000,0x00000000d6180000,0x00000000d6580000)
 ParOldGen       total 294400K, used 294132K [0x0000000080000000, 0x0000000091f80000, 0x00000000d5580000)
  object space 294400K, 99% used [0x0000000080000000,0x0000000091f3d2c0,0x0000000091f80000)
 Metaspace       used 63391K, committed 64832K, reserved 1114112K
  class space    used 7930K, committed 8576K, reserved 1048576K
}
Event: 26.859 GC heap before
{Heap before GC invocations=207 (full 3):
 PSYoungGen      total 9216K, used 9208K [0x00000000d5580000, 0x00000000d6580000, 0x0000000100000000)
  eden space 7168K, 100% used [0x00000000d5580000,0x00000000d5c80000,0x00000000d5c80000)
  from space 2048K, 99% used [0x00000000d5c80000,0x00000000d5e7e0f8,0x00000000d5e80000)
  to   space 4096K, 0% used [0x00000000d6180000,0x00000000d6180000,0x00000000d6580000)
 ParOldGen       total 294400K, used 294132K [0x0000000080000000, 0x0000000091f80000, 0x00000000d5580000)
  object space 294400K, 99% used [0x0000000080000000,0x0000000091f3d2c0,0x0000000091f80000)
 Metaspace       used 63406K, committed 64896K, reserved 1114112K
  class space    used 7933K, committed 8576K, reserved 1048576K
}
Event: 26.867 GC heap after
{Heap after GC invocations=207 (full 3):
 PSYoungGen      total 11264K, used 2169K [0x00000000d5580000, 0x00000000d6400000, 0x0000000100000000)
  eden space 8704K, 0% used [0x00000000d5580000,0x00000000d5580000,0x00000000d5e00000)
  from space 2560K, 84% used [0x00000000d6180000,0x00000000d639e570,0x00000000d6400000)
  to   space 3072K, 0% used [0x00000000d5e00000,0x00000000d5e00000,0x00000000d6100000)
 ParOldGen       total 296448K, used 295950K [0x0000000080000000, 0x0000000092180000, 0x00000000d5580000)
  object space 296448K, 99% used [0x0000000080000000,0x0000000092103bf0,0x0000000092180000)
 Metaspace       used 63406K, committed 64896K, reserved 1114112K
  class space    used 7933K, committed 8576K, reserved 1048576K
}
Event: 26.889 GC heap before
{Heap before GC invocations=208 (full 3):
 PSYoungGen      total 11264K, used 10873K [0x00000000d5580000, 0x00000000d6400000, 0x0000000100000000)
  eden space 8704K, 100% used [0x00000000d5580000,0x00000000d5e00000,0x00000000d5e00000)
  from space 2560K, 84% used [0x00000000d6180000,0x00000000d639e570,0x00000000d6400000)
  to   space 3072K, 0% used [0x00000000d5e00000,0x00000000d5e00000,0x00000000d6100000)
 ParOldGen       total 296448K, used 295950K [0x0000000080000000, 0x0000000092180000, 0x00000000d5580000)
  object space 296448K, 99% used [0x0000000080000000,0x0000000092103bf0,0x0000000092180000)
 Metaspace       used 63430K, committed 64896K, reserved 1114112K
  class space    used 7936K, committed 8576K, reserved 1048576K
}
Event: 26.896 GC heap after
{Heap after GC invocations=208 (full 3):
 PSYoungGen      total 11776K, used 2537K [0x00000000d5580000, 0x00000000d6600000, 0x0000000100000000)
  eden space 8704K, 0% used [0x00000000d5580000,0x00000000d5580000,0x00000000d5e00000)
  from space 3072K, 82% used [0x00000000d5e00000,0x00000000d607a7e8,0x00000000d6100000)
  to   space 3072K, 0% used [0x00000000d6300000,0x00000000d6300000,0x00000000d6600000)
 ParOldGen       total 297984K, used 297909K [0x0000000080000000, 0x0000000092300000, 0x00000000d5580000)
  object space 297984K, 99% used [0x0000000080000000,0x00000000922ed5f8,0x0000000092300000)
 Metaspace       used 63430K, committed 64896K, reserved 1114112K
  class space    used 7936K, committed 8576K, reserved 1048576K
}
Event: 26.920 GC heap before
{Heap before GC invocations=209 (full 3):
 PSYoungGen      total 11776K, used 11241K [0x00000000d5580000, 0x00000000d6600000, 0x0000000100000000)
  eden space 8704K, 100% used [0x00000000d5580000,0x00000000d5e00000,0x00000000d5e00000)
  from space 3072K, 82% used [0x00000000d5e00000,0x00000000d607a7e8,0x00000000d6100000)
  to   space 3072K, 0% used [0x00000000d6300000,0x00000000d6300000,0x00000000d6600000)
 ParOldGen       total 297984K, used 297909K [0x0000000080000000, 0x0000000092300000, 0x00000000d5580000)
  object space 297984K, 99% used [0x0000000080000000,0x00000000922ed5f8,0x0000000092300000)
 Metaspace       used 63430K, committed 64896K, reserved 1114112K
  class space    used 7936K, committed 8576K, reserved 1048576K
}
Event: 26.926 GC heap after
{Heap after GC invocations=209 (full 3):
 PSYoungGen      total 13312K, used 3047K [0x00000000d5580000, 0x00000000d6700000, 0x0000000100000000)
  eden space 10240K, 0% used [0x00000000d5580000,0x00000000d5580000,0x00000000d5f80000)
  from space 3072K, 99% used [0x00000000d6300000,0x00000000d65f9cd8,0x00000000d6600000)
  to   space 3584K, 0% used [0x00000000d5f80000,0x00000000d5f80000,0x00000000d6300000)
 ParOldGen       total 300544K, used 300306K [0x0000000080000000, 0x0000000092580000, 0x00000000d5580000)
  object space 300544K, 99% used [0x0000000080000000,0x0000000092544bc0,0x0000000092580000)
 Metaspace       used 63430K, committed 64896K, reserved 1114112K
  class space    used 7936K, committed 8576K, reserved 1048576K
}
Event: 26.945 GC heap before
{Heap before GC invocations=210 (full 3):
 PSYoungGen      total 13312K, used 13287K [0x00000000d5580000, 0x00000000d6700000, 0x0000000100000000)
  eden space 10240K, 100% used [0x00000000d5580000,0x00000000d5f80000,0x00000000d5f80000)
  from space 3072K, 99% used [0x00000000d6300000,0x00000000d65f9cd8,0x00000000d6600000)
  to   space 3584K, 0% used [0x00000000d5f80000,0x00000000d5f80000,0x00000000d6300000)
 ParOldGen       total 300544K, used 300306K [0x0000000080000000, 0x0000000092580000, 0x00000000d5580000)
  object space 300544K, 99% used [0x0000000080000000,0x0000000092544bc0,0x0000000092580000)
 Metaspace       used 63430K, committed 64896K, reserved 1114112K
  class space    used 7936K, committed 8576K, reserved 1048576K
}
Event: 26.952 GC heap after
{Heap after GC invocations=210 (full 3):
 PSYoungGen      total 13824K, used 3559K [0x00000000d5580000, 0x00000000d7080000, 0x0000000100000000)
  eden space 10240K, 0% used [0x00000000d5580000,0x00000000d5580000,0x00000000d5f80000)
  from space 3584K, 99% used [0x00000000d5f80000,0x00000000d62f9dc0,0x00000000d6300000)
  to   space 7680K, 0% used [0x00000000d6900000,0x00000000d6900000,0x00000000d7080000)
 ParOldGen       total 303616K, used 303537K [0x0000000080000000, 0x0000000092880000, 0x00000000d5580000)
  object space 303616K, 99% used [0x0000000080000000,0x000000009286c480,0x0000000092880000)
 Metaspace       used 63430K, committed 64896K, reserved 1114112K
  class space    used 7936K, committed 8576K, reserved 1048576K
}
Event: 26.969 GC heap before
{Heap before GC invocations=211 (full 3):
 PSYoungGen      total 13824K, used 13799K [0x00000000d5580000, 0x00000000d7080000, 0x0000000100000000)
  eden space 10240K, 100% used [0x00000000d5580000,0x00000000d5f80000,0x00000000d5f80000)
  from space 3584K, 99% used [0x00000000d5f80000,0x00000000d62f9dc0,0x00000000d6300000)
  to   space 7680K, 0% used [0x00000000d6900000,0x00000000d6900000,0x00000000d7080000)
 ParOldGen       total 303616K, used 303537K [0x0000000080000000, 0x0000000092880000, 0x00000000d5580000)
  object space 303616K, 99% used [0x0000000080000000,0x000000009286c480,0x0000000092880000)
 Metaspace       used 63430K, committed 64896K, reserved 1114112K
  class space    used 7936K, committed 8576K, reserved 1048576K
}
Event: 26.973 GC heap after
{Heap after GC invocations=211 (full 3):
 PSYoungGen      total 16384K, used 3963K [0x00000000d5580000, 0x00000000d6d00000, 0x0000000100000000)
  eden space 12288K, 0% used [0x00000000d5580000,0x00000000d5580000,0x00000000d6180000)
  from space 4096K, 96% used [0x00000000d6900000,0x00000000d6cdef08,0x00000000d6d00000)
  to   space 5120K, 0% used [0x00000000d6300000,0x00000000d6300000,0x00000000d6800000)
 ParOldGen       total 307200K, used 306954K [0x0000000080000000, 0x0000000092c00000, 0x00000000d5580000)
  object space 307200K, 99% used [0x0000000080000000,0x0000000092bc2800,0x0000000092c00000)
 Metaspace       used 63430K, committed 64896K, reserved 1114112K
  class space    used 7936K, committed 8576K, reserved 1048576K
}
Event: 26.995 GC heap before
{Heap before GC invocations=212 (full 3):
 PSYoungGen      total 16384K, used 16251K [0x00000000d5580000, 0x00000000d6d00000, 0x0000000100000000)
  eden space 12288K, 100% used [0x00000000d5580000,0x00000000d6180000,0x00000000d6180000)
  from space 4096K, 96% used [0x00000000d6900000,0x00000000d6cdef08,0x00000000d6d00000)
  to   space 5120K, 0% used [0x00000000d6300000,0x00000000d6300000,0x00000000d6800000)
 ParOldGen       total 307200K, used 306954K [0x0000000080000000, 0x0000000092c00000, 0x00000000d5580000)
  object space 307200K, 99% used [0x0000000080000000,0x0000000092bc2800,0x0000000092c00000)
 Metaspace       used 63430K, committed 64896K, reserved 1114112K
  class space    used 7936K, committed 8576K, reserved 1048576K
}
Event: 27.002 GC heap after
{Heap after GC invocations=212 (full 3):
 PSYoungGen      total 18944K, used 5068K [0x00000000d5580000, 0x00000000d6f00000, 0x0000000100000000)
  eden space 13824K, 0% used [0x00000000d5580000,0x00000000d5580000,0x00000000d6300000)
  from space 5120K, 98% used [0x00000000d6300000,0x00000000d67f3200,0x00000000d6800000)
  to   space 5632K, 0% used [0x00000000d6980000,0x00000000d6980000,0x00000000d6f00000)
 ParOldGen       total 310784K, used 310715K [0x0000000080000000, 0x0000000092f80000, 0x00000000d5580000)
  object space 310784K, 99% used [0x0000000080000000,0x0000000092f6ee80,0x0000000092f80000)
 Metaspace       used 63430K, committed 64896K, reserved 1114112K
  class space    used 7936K, committed 8576K, reserved 1048576K
}
Event: 27.025 GC heap before
{Heap before GC invocations=213 (full 3):
 PSYoungGen      total 18944K, used 18892K [0x00000000d5580000, 0x00000000d6f00000, 0x0000000100000000)
  eden space 13824K, 100% used [0x00000000d5580000,0x00000000d6300000,0x00000000d6300000)
  from space 5120K, 98% used [0x00000000d6300000,0x00000000d67f3200,0x00000000d6800000)
  to   space 5632K, 0% used [0x00000000d6980000,0x00000000d6980000,0x00000000d6f00000)
 ParOldGen       total 310784K, used 310715K [0x0000000080000000, 0x0000000092f80000, 0x00000000d5580000)
  object space 310784K, 99% used [0x0000000080000000,0x0000000092f6ee80,0x0000000092f80000)
 Metaspace       used 63430K, committed 64896K, reserved 1114112K
  class space    used 7936K, committed 8576K, reserved 1048576K
}
Event: 27.035 GC heap after
{Heap after GC invocations=213 (full 3):
 PSYoungGen      total 20480K, used 5138K [0x00000000d5580000, 0x00000000d7100000, 0x0000000100000000)
  eden space 14848K, 0% used [0x00000000d5580000,0x00000000d5580000,0x00000000d6400000)
  from space 5632K, 91% used [0x00000000d6980000,0x00000000d6e84a80,0x00000000d6f00000)
  to   space 5632K, 0% used [0x00000000d6400000,0x00000000d6400000,0x00000000d6980000)
 ParOldGen       total 315904K, used 315615K [0x0000000080000000, 0x0000000093480000, 0x00000000d5580000)
  object space 315904K, 99% used [0x0000000080000000,0x0000000093437ff0,0x0000000093480000)
 Metaspace       used 63430K, committed 64896K, reserved 1114112K
  class space    used 7936K, committed 8576K, reserved 1048576K
}

