# JRE version: OpenJDK Runtime Environment Microsoft-11926163 (17.0.16+8) (build 17.0.16+8-LTS)
# Java VM: OpenJDK 64-Bit Server VM Microsoft-11926163 (17.0.16+8-LTS, mixed mode, sharing, tiered, compressed oops, compressed class ptrs, g1 gc, windows-amd64)
GC Precious Log:
 CPUs: 8 total, 8 available
 Memory: 16118M
 Large Page Support: Disabled
 NUMA Support: Disabled
 Compressed Oops: Enabled (Zero based)
 Heap Region Size: 2M
 Heap Min Capacity: 8M
 Heap Initial Capacity: 252M
 Heap Max Capacity: 4030M
 Pre-touch: Disabled
 Parallel Workers: 8
 Concurrent Workers: 2
 Concurrent Refinement Workers: 8
 Periodic GC: Disabled
Heap:
 garbage-first heap   total 274432K, used 219807K [0x0000000704200000, 0x0000000800000000)
  region size 2048K, 54 young (110592K), 5 survivors (10240K)
 Metaspace       used 64655K, committed 65024K, reserved 1114112K
  class space    used 7263K, committed 7488K, reserved 1048576K
GC Heap History (20 events):
Event: 46.438 GC heap before
{Heap before GC invocations=21 (full 0):
 garbage-first heap   total 274432K, used 224045K [0x0000000704200000, 0x0000000800000000)
  region size 2048K, 64 young (131072K), 1 survivors (2048K)
 Metaspace       used 62000K, committed 62336K, reserved 1114112K
  class space    used 7016K, committed 7168K, reserved 1048576K
}
Event: 46.440 GC heap after
{Heap after GC invocations=22 (full 0):
 garbage-first heap   total 274432K, used 94993K [0x0000000704200000, 0x0000000800000000)
  region size 2048K, 1 young (2048K), 1 survivors (2048K)
 Metaspace       used 62000K, committed 62336K, reserved 1114112K
  class space    used 7016K, committed 7168K, reserved 1048576K
}
Event: 47.120 GC heap before
{Heap before GC invocations=22 (full 0):
 garbage-first heap   total 274432K, used 228113K [0x0000000704200000, 0x0000000800000000)
  region size 2048K, 66 young (135168K), 1 survivors (2048K)
 Metaspace       used 62011K, committed 62336K, reserved 1114112K
  class space    used 7016K, committed 7168K, reserved 1048576K
}
Event: 47.121 GC heap after
{Heap after GC invocations=23 (full 0):
 garbage-first heap   total 274432K, used 95064K [0x0000000704200000, 0x0000000800000000)
  region size 2048K, 1 young (2048K), 1 survivors (2048K)
 Metaspace       used 62011K, committed 62336K, reserved 1114112K
  class space    used 7016K, committed 7168K, reserved 1048576K
}
Event: 47.697 GC heap before
{Heap before GC invocations=23 (full 0):
 garbage-first heap   total 274432K, used 230232K [0x0000000704200000, 0x0000000800000000)
  region size 2048K, 67 young (137216K), 1 survivors (2048K)
 Metaspace       used 62035K, committed 62336K, reserved 1114112K
  class space    used 7016K, committed 7168K, reserved 1048576K
}
Event: 47.699 GC heap after
{Heap after GC invocations=24 (full 0):
 garbage-first heap   total 274432K, used 95336K [0x0000000704200000, 0x0000000800000000)
  region size 2048K, 1 young (2048K), 1 survivors (2048K)
 Metaspace       used 62035K, committed 62336K, reserved 1114112K
  class space    used 7016K, committed 7168K, reserved 1048576K
}
Event: 48.149 GC heap before
{Heap before GC invocations=24 (full 0):
 garbage-first heap   total 274432K, used 232552K [0x0000000704200000, 0x0000000800000000)
  region size 2048K, 68 young (139264K), 1 survivors (2048K)
 Metaspace       used 62055K, committed 62400K, reserved 1114112K
  class space    used 7016K, committed 7168K, reserved 1048576K
}
Event: 48.151 GC heap after
{Heap after GC invocations=25 (full 0):
 garbage-first heap   total 274432K, used 95274K [0x0000000704200000, 0x0000000800000000)
  region size 2048K, 1 young (2048K), 1 survivors (2048K)
 Metaspace       used 62055K, committed 62400K, reserved 1114112K
  class space    used 7016K, committed 7168K, reserved 1048576K
}
Event: 48.572 GC heap before
{Heap before GC invocations=25 (full 0):
 garbage-first heap   total 274432K, used 234538K [0x0000000704200000, 0x0000000800000000)
  region size 2048K, 69 young (141312K), 1 survivors (2048K)
 Metaspace       used 62063K, committed 62400K, reserved 1114112K
  class space    used 7016K, committed 7168K, reserved 1048576K
}
Event: 48.574 GC heap after
{Heap after GC invocations=26 (full 0):
 garbage-first heap   total 274432K, used 95309K [0x0000000704200000, 0x0000000800000000)
  region size 2048K, 1 young (2048K), 1 survivors (2048K)
 Metaspace       used 62063K, committed 62400K, reserved 1114112K
  class space    used 7016K, committed 7168K, reserved 1048576K
}
Event: 49.134 GC heap before
{Heap before GC invocations=26 (full 0):
 garbage-first heap   total 274432K, used 236621K [0x0000000704200000, 0x0000000800000000)
  region size 2048K, 70 young (143360K), 1 survivors (2048K)
 Metaspace       used 62063K, committed 62400K, reserved 1114112K
  class space    used 7016K, committed 7168K, reserved 1048576K
}
Event: 49.136 GC heap after
{Heap after GC invocations=27 (full 0):
 garbage-first heap   total 274432K, used 95340K [0x0000000704200000, 0x0000000800000000)
  region size 2048K, 1 young (2048K), 1 survivors (2048K)
 Metaspace       used 62063K, committed 62400K, reserved 1114112K
  class space    used 7016K, committed 7168K, reserved 1048576K
}
Event: 49.594 GC heap before
{Heap before GC invocations=27 (full 0):
 garbage-first heap   total 274432K, used 236652K [0x0000000704200000, 0x0000000800000000)
  region size 2048K, 70 young (143360K), 1 survivors (2048K)
 Metaspace       used 62066K, committed 62400K, reserved 1114112K
  class space    used 7016K, committed 7168K, reserved 1048576K
}
Event: 49.596 GC heap after
{Heap after GC invocations=28 (full 0):
 garbage-first heap   total 274432K, used 95336K [0x0000000704200000, 0x0000000800000000)
  region size 2048K, 1 young (2048K), 1 survivors (2048K)
 Metaspace       used 62066K, committed 62400K, reserved 1114112K
  class space    used 7016K, committed 7168K, reserved 1048576K
}
Event: 53.517 GC heap before
{Heap before GC invocations=28 (full 0):
 garbage-first heap   total 274432K, used 238696K [0x0000000704200000, 0x0000000800000000)
  region size 2048K, 71 young (145408K), 1 survivors (2048K)
 Metaspace       used 63091K, committed 63360K, reserved 1114112K
  class space    used 7184K, committed 7296K, reserved 1048576K
}
Event: 53.532 GC heap after
{Heap after GC invocations=29 (full 0):
 garbage-first heap   total 274432K, used 101462K [0x0000000704200000, 0x0000000800000000)
  region size 2048K, 4 young (8192K), 4 survivors (8192K)
 Metaspace       used 63091K, committed 63360K, reserved 1114112K
  class space    used 7184K, committed 7296K, reserved 1048576K
}
Event: 60.462 GC heap before
{Heap before GC invocations=29 (full 0):
 garbage-first heap   total 274432K, used 232534K [0x0000000704200000, 0x0000000800000000)
  region size 2048K, 68 young (139264K), 4 survivors (8192K)
 Metaspace       used 64058K, committed 64320K, reserved 1114112K
  class space    used 7249K, committed 7360K, reserved 1048576K
}
Event: 60.491 GC heap after
{Heap after GC invocations=30 (full 0):
 garbage-first heap   total 274432K, used 111945K [0x0000000704200000, 0x0000000800000000)
  region size 2048K, 9 young (18432K), 9 survivors (18432K)
 Metaspace       used 64058K, committed 64320K, reserved 1114112K
  class space    used 7249K, committed 7360K, reserved 1048576K
}
Event: 66.353 GC heap before
{Heap before GC invocations=30 (full 0):
 garbage-first heap   total 274432K, used 224585K [0x0000000704200000, 0x0000000800000000)
  region size 2048K, 64 young (131072K), 9 survivors (18432K)
 Metaspace       used 64416K, committed 64640K, reserved 1114112K
  class space    used 7256K, committed 7360K, reserved 1048576K
}
Event: 66.392 GC heap after
{Heap after GC invocations=31 (full 0):
 garbage-first heap   total 274432K, used 121503K [0x0000000704200000, 0x0000000800000000)
  region size 2048K, 5 young (10240K), 5 survivors (10240K)
 Metaspace       used 64416K, committed 64640K, reserved 1114112K
  class space    used 7256K, committed 7360K, reserved 1048576K
}

